# JRE version: OpenJDK Runtime Environment (21.0.7) (build 21.0.7+-13880790-b1038.58)
# Java VM: OpenJDK 64-Bit Server VM (21.0.7+-13880790-b1038.58, mixed mode, tiered, compressed oops, compressed class ptrs, g1 gc, windows-amd64)
GC Precious Log:
 CardTable entry size: 512
 Card Set container configuration: InlinePtr #cards 5 size 8 Array Of Cards #cards 12 size 40 Howl #buckets 4 coarsen threshold 1843 Howl Bitmap #cards 512 size 80 coarsen threshold 460 Card regions per heap region 1 cards per card region 2048
 CPUs: 16 total, 16 available
 Memory: 16084M
 Large Page Support: Disabled
 NUMA Support: Disabled
 Compressed Oops: Enabled (32-bit)
 Heap Region Size: 1M
 Heap Min Capacity: 8M
 Heap Initial Capacity: 252M
 Heap Max Capacity: 2G
 Pre-touch: Disabled
 Parallel Workers: 13
 Concurrent Workers: 3
 Concurrent Refinement Workers: 13
 Periodic GC: Disabled
Heap:
 garbage-first heap   total 136192K, used 88529K [0x0000000080000000, 0x0000000100000000)
  region size 1024K, 19 young (19456K), 7 survivors (7168K)
 Metaspace       used 88578K, committed 90560K, reserved 1179648K
  class space    used 11944K, committed 12928K, reserved 1048576K
GC Heap History (20 events):
Event: 4.317 GC heap before
{Heap before GC invocations=14 (full 0):
 garbage-first heap   total 108544K, used 93409K [0x0000000080000000, 0x0000000100000000)
  region size 1024K, 55 young (56320K), 5 survivors (5120K)
 Metaspace       used 65662K, committed 67264K, reserved 1114112K
  class space    used 9020K, committed 9792K, reserved 1048576K
}
Event: 4.320 GC heap after
{Heap after GC invocations=15 (full 0):
 garbage-first heap   total 108544K, used 44756K [0x0000000080000000, 0x0000000100000000)
  region size 1024K, 4 young (4096K), 4 survivors (4096K)
 Metaspace       used 65662K, committed 67264K, reserved 1114112K
  class space    used 9020K, committed 9792K, reserved 1048576K
}
Event: 4.881 GC heap before
{Heap before GC invocations=15 (full 0):
 garbage-first heap   total 108544K, used 93908K [0x0000000080000000, 0x0000000100000000)
  region size 1024K, 52 young (53248K), 4 survivors (4096K)
 Metaspace       used 71514K, committed 73280K, reserved 1114112K
  class space    used 9933K, committed 10816K, reserved 1048576K
}
Event: 4.885 GC heap after
{Heap after GC invocations=16 (full 0):
 garbage-first heap   total 108544K, used 46952K [0x0000000080000000, 0x0000000100000000)
  region size 1024K, 6 young (6144K), 6 survivors (6144K)
 Metaspace       used 71514K, committed 73280K, reserved 1114112K
  class space    used 9933K, committed 10816K, reserved 1048576K
}
Event: 5.311 GC heap before
{Heap before GC invocations=16 (full 0):
 garbage-first heap   total 108544K, used 95080K [0x0000000080000000, 0x0000000100000000)
  region size 1024K, 54 young (55296K), 6 survivors (6144K)
 Metaspace       used 72380K, committed 74112K, reserved 1114112K
  class space    used 9964K, committed 10816K, reserved 1048576K
}
Event: 5.314 GC heap after
{Heap after GC invocations=17 (full 0):
 garbage-first heap   total 108544K, used 50774K [0x0000000080000000, 0x0000000100000000)
  region size 1024K, 7 young (7168K), 7 survivors (7168K)
 Metaspace       used 72380K, committed 74112K, reserved 1114112K
  class space    used 9964K, committed 10816K, reserved 1048576K
}
Event: 5.412 GC heap before
{Heap before GC invocations=17 (full 0):
 garbage-first heap   total 108544K, used 93782K [0x0000000080000000, 0x0000000100000000)
  region size 1024K, 50 young (51200K), 7 survivors (7168K)
 Metaspace       used 72619K, committed 74304K, reserved 1114112K
  class space    used 9964K, committed 10816K, reserved 1048576K
}
Event: 5.415 GC heap after
{Heap after GC invocations=18 (full 0):
 garbage-first heap   total 108544K, used 53066K [0x0000000080000000, 0x0000000100000000)
  region size 1024K, 4 young (4096K), 4 survivors (4096K)
 Metaspace       used 72619K, committed 74304K, reserved 1114112K
  class space    used 9964K, committed 10816K, reserved 1048576K
}
Event: 5.485 GC heap before
{Heap before GC invocations=19 (full 0):
 garbage-first heap   total 108544K, used 95050K [0x0000000080000000, 0x0000000100000000)
  region size 1024K, 46 young (47104K), 4 survivors (4096K)
 Metaspace       used 72633K, committed 74368K, reserved 1114112K
  class space    used 9965K, committed 10816K, reserved 1048576K
}
Event: 5.486 GC heap after
{Heap after GC invocations=20 (full 0):
 garbage-first heap   total 108544K, used 53972K [0x0000000080000000, 0x0000000100000000)
  region size 1024K, 4 young (4096K), 4 survivors (4096K)
 Metaspace       used 72633K, committed 74368K, reserved 1114112K
  class space    used 9965K, committed 10816K, reserved 1048576K
}
Event: 5.593 GC heap before
{Heap before GC invocations=20 (full 0):
 garbage-first heap   total 108544K, used 95956K [0x0000000080000000, 0x0000000100000000)
  region size 1024K, 46 young (47104K), 4 survivors (4096K)
 Metaspace       used 72968K, committed 74688K, reserved 1114112K
  class space    used 10018K, committed 10880K, reserved 1048576K
}
Event: 5.596 GC heap after
{Heap after GC invocations=21 (full 0):
 garbage-first heap   total 131072K, used 54994K [0x0000000080000000, 0x0000000100000000)
  region size 1024K, 6 young (6144K), 6 survivors (6144K)
 Metaspace       used 72968K, committed 74688K, reserved 1114112K
  class space    used 10018K, committed 10880K, reserved 1048576K
}
Event: 6.248 GC heap before
{Heap before GC invocations=21 (full 0):
 garbage-first heap   total 131072K, used 120530K [0x0000000080000000, 0x0000000100000000)
  region size 1024K, 64 young (65536K), 6 survivors (6144K)
 Metaspace       used 77026K, committed 78848K, reserved 1179648K
  class space    used 10482K, committed 11392K, reserved 1048576K
}
Event: 6.252 GC heap after
{Heap after GC invocations=22 (full 0):
 garbage-first heap   total 136192K, used 68873K [0x0000000080000000, 0x0000000100000000)
  region size 1024K, 8 young (8192K), 8 survivors (8192K)
 Metaspace       used 77026K, committed 78848K, reserved 1179648K
  class space    used 10482K, committed 11392K, reserved 1048576K
}
Event: 6.623 GC heap before
{Heap before GC invocations=22 (full 0):
 garbage-first heap   total 136192K, used 119049K [0x0000000080000000, 0x0000000100000000)
  region size 1024K, 57 young (58368K), 8 survivors (8192K)
 Metaspace       used 82743K, committed 84608K, reserved 1179648K
  class space    used 11175K, committed 12096K, reserved 1048576K
}
Event: 6.626 GC heap after
{Heap after GC invocations=23 (full 0):
 garbage-first heap   total 136192K, used 70521K [0x0000000080000000, 0x0000000100000000)
  region size 1024K, 2 young (2048K), 2 survivors (2048K)
 Metaspace       used 82743K, committed 84608K, reserved 1179648K
  class space    used 11175K, committed 12096K, reserved 1048576K
}
Event: 6.744 GC heap before
{Heap before GC invocations=23 (full 0):
 garbage-first heap   total 136192K, used 83833K [0x0000000080000000, 0x0000000100000000)
  region size 1024K, 16 young (16384K), 2 survivors (2048K)
 Metaspace       used 84723K, committed 86656K, reserved 1179648K
  class space    used 11433K, committed 12416K, reserved 1048576K
}
Event: 6.746 GC heap after
{Heap after GC invocations=24 (full 0):
 garbage-first heap   total 136192K, used 72286K [0x0000000080000000, 0x0000000100000000)
  region size 1024K, 4 young (4096K), 4 survivors (4096K)
 Metaspace       used 84723K, committed 86656K, reserved 1179648K
  class space    used 11433K, committed 12416K, reserved 1048576K
}
Event: 7.045 GC heap before
{Heap before GC invocations=25 (full 0):
 garbage-first heap   total 136192K, used 127582K [0x0000000080000000, 0x0000000100000000)
  region size 1024K, 53 young (54272K), 4 survivors (4096K)
 Metaspace       used 87648K, committed 89600K, reserved 1179648K
  class space    used 11826K, committed 12800K, reserved 1048576K
}
Event: 7.048 GC heap after
{Heap after GC invocations=26 (full 0):
 garbage-first heap   total 136192K, used 77265K [0x0000000080000000, 0x0000000100000000)
  region size 1024K, 7 young (7168K), 7 survivors (7168K)
 Metaspace       used 87648K, committed 89600K, reserved 1179648K
  class space    used 11826K, committed 12800K, reserved 1048576K
}

