# JRE version: OpenJDK Runtime Environment (21.0.7) (build 21.0.7+-13880790-b1038.58)
# Java VM: OpenJDK 64-Bit Server VM (21.0.7+-13880790-b1038.58, mixed mode, tiered, compressed oops, compressed class ptrs, g1 gc, windows-amd64)
GC Precious Log:
 CardTable entry size: 512
 Card Set container configuration: InlinePtr #cards 5 size 8 Array Of Cards #cards 12 size 40 Howl #buckets 4 coarsen threshold 1843 Howl Bitmap #cards 512 size 80 coarsen threshold 460 Card regions per heap region 1 cards per card region 2048
 CPUs: 16 total, 16 available
 Memory: 16084M
 Large Page Support: Disabled
 NUMA Support: Disabled
 Compressed Oops: Enabled (32-bit)
 Heap Region Size: 1M
 Heap Min Capacity: 8M
 Heap Initial Capacity: 252M
 Heap Max Capacity: 2G
 Pre-touch: Disabled
 Parallel Workers: 13
 Concurrent Workers: 3
 Concurrent Refinement Workers: 13
 Periodic GC: Disabled
Heap:
 garbage-first heap   total 86016K, used 35599K [0x0000000080000000, 0x0000000100000000)
  region size 1024K, 3 young (3072K), 3 survivors (3072K)
 Metaspace       used 51623K, committed 52928K, reserved 1114112K
  class space    used 6989K, committed 7616K, reserved 1048576K
GC Heap History (19 events):
Event: 0.240 GC heap before
{Heap before GC invocations=0 (full 0):
 garbage-first heap   total 258048K, used 22528K [0x0000000080000000, 0x0000000100000000)
  region size 1024K, 23 young (23552K), 0 survivors (0K)
 Metaspace       used 8056K, committed 8192K, reserved 1114112K
  class space    used 728K, committed 768K, reserved 1048576K
}
Event: 0.242 GC heap after
{Heap after GC invocations=1 (full 0):
 garbage-first heap   total 258048K, used 1855K [0x0000000080000000, 0x0000000100000000)
  region size 1024K, 2 young (2048K), 2 survivors (2048K)
 Metaspace       used 8056K, committed 8192K, reserved 1114112K
  class space    used 728K, committed 768K, reserved 1048576K
}
Event: 0.529 GC heap before
{Heap before GC invocations=1 (full 0):
 garbage-first heap   total 258048K, used 40767K [0x0000000080000000, 0x0000000100000000)
  region size 1024K, 38 young (38912K), 2 survivors (2048K)
 Metaspace       used 12369K, committed 12608K, reserved 1114112K
  class space    used 1317K, committed 1408K, reserved 1048576K
}
Event: 0.532 GC heap after
{Heap after GC invocations=2 (full 0):
 garbage-first heap   total 258048K, used 10829K [0x0000000080000000, 0x0000000100000000)
  region size 1024K, 5 young (5120K), 5 survivors (5120K)
 Metaspace       used 12369K, committed 12608K, reserved 1114112K
  class space    used 1317K, committed 1408K, reserved 1048576K
}
Event: 0.939 GC heap before
{Heap before GC invocations=2 (full 0):
 garbage-first heap   total 258048K, used 69197K [0x0000000080000000, 0x0000000100000000)
  region size 1024K, 60 young (61440K), 5 survivors (5120K)
 Metaspace       used 17492K, committed 17728K, reserved 1114112K
  class space    used 1993K, committed 2112K, reserved 1048576K
}
Event: 0.944 GC heap after
{Heap after GC invocations=3 (full 0):
 garbage-first heap   total 258048K, used 18083K [0x0000000080000000, 0x0000000100000000)
  region size 1024K, 8 young (8192K), 8 survivors (8192K)
 Metaspace       used 17492K, committed 17728K, reserved 1114112K
  class space    used 1993K, committed 2112K, reserved 1048576K
}
Event: 1.135 GC heap before
{Heap before GC invocations=3 (full 0):
 garbage-first heap   total 258048K, used 33443K [0x0000000080000000, 0x0000000100000000)
  region size 1024K, 24 young (24576K), 8 survivors (8192K)
 Metaspace       used 21231K, committed 21504K, reserved 1114112K
  class space    used 2479K, committed 2624K, reserved 1048576K
}
Event: 1.138 GC heap after
{Heap after GC invocations=4 (full 0):
 garbage-first heap   total 258048K, used 19873K [0x0000000080000000, 0x0000000100000000)
  region size 1024K, 10 young (10240K), 10 survivors (10240K)
 Metaspace       used 21231K, committed 21504K, reserved 1114112K
  class space    used 2479K, committed 2624K, reserved 1048576K
}
Event: 1.627 GC heap before
{Heap before GC invocations=5 (full 0):
 garbage-first heap   total 68608K, used 66977K [0x0000000080000000, 0x0000000100000000)
  region size 1024K, 57 young (58368K), 10 survivors (10240K)
 Metaspace       used 28849K, committed 29312K, reserved 1114112K
  class space    used 3696K, committed 3904K, reserved 1048576K
}
Event: 1.633 GC heap after
{Heap after GC invocations=6 (full 0):
 garbage-first heap   total 81920K, used 22697K [0x0000000080000000, 0x0000000100000000)
  region size 1024K, 13 young (13312K), 13 survivors (13312K)
 Metaspace       used 28849K, committed 29312K, reserved 1114112K
  class space    used 3696K, committed 3904K, reserved 1048576K
}
Event: 1.966 GC heap before
{Heap before GC invocations=6 (full 0):
 garbage-first heap   total 81920K, used 58537K [0x0000000080000000, 0x0000000100000000)
  region size 1024K, 48 young (49152K), 13 survivors (13312K)
 Metaspace       used 33473K, committed 34304K, reserved 1114112K
  class space    used 4485K, committed 4864K, reserved 1048576K
}
Event: 1.969 GC heap after
{Heap after GC invocations=7 (full 0):
 garbage-first heap   total 81920K, used 24739K [0x0000000080000000, 0x0000000100000000)
  region size 1024K, 6 young (6144K), 6 survivors (6144K)
 Metaspace       used 33473K, committed 34304K, reserved 1114112K
  class space    used 4485K, committed 4864K, reserved 1048576K
}
Event: 2.082 GC heap before
{Heap before GC invocations=7 (full 0):
 garbage-first heap   total 81920K, used 34979K [0x0000000080000000, 0x0000000100000000)
  region size 1024K, 18 young (18432K), 6 survivors (6144K)
 Metaspace       used 35209K, committed 35968K, reserved 1114112K
  class space    used 4765K, committed 5120K, reserved 1048576K
}
Event: 2.085 GC heap after
{Heap after GC invocations=8 (full 0):
 garbage-first heap   total 81920K, used 25489K [0x0000000080000000, 0x0000000100000000)
  region size 1024K, 4 young (4096K), 4 survivors (4096K)
 Metaspace       used 35209K, committed 35968K, reserved 1114112K
  class space    used 4765K, committed 5120K, reserved 1048576K
}
Event: 2.570 GC heap before
{Heap before GC invocations=9 (full 0):
 garbage-first heap   total 81920K, used 67473K [0x0000000080000000, 0x0000000100000000)
  region size 1024K, 46 young (47104K), 4 survivors (4096K)
 Metaspace       used 43822K, committed 44736K, reserved 1114112K
  class space    used 5862K, committed 6272K, reserved 1048576K
}
Event: 2.572 GC heap after
{Heap after GC invocations=10 (full 0):
 garbage-first heap   total 81920K, used 29466K [0x0000000080000000, 0x0000000100000000)
  region size 1024K, 6 young (6144K), 6 survivors (6144K)
 Metaspace       used 43822K, committed 44736K, reserved 1114112K
  class space    used 5862K, committed 6272K, reserved 1048576K
}
Event: 2.868 GC heap before
{Heap before GC invocations=10 (full 0):
 garbage-first heap   total 81920K, used 74522K [0x0000000080000000, 0x0000000100000000)
  region size 1024K, 45 young (46080K), 6 survivors (6144K)
 Metaspace       used 46699K, committed 47744K, reserved 1114112K
  class space    used 6172K, committed 6656K, reserved 1048576K
}
Event: 2.871 GC heap after
{Heap after GC invocations=11 (full 0):
 garbage-first heap   total 86016K, used 33381K [0x0000000080000000, 0x0000000100000000)
  region size 1024K, 4 young (4096K), 4 survivors (4096K)
 Metaspace       used 46699K, committed 47744K, reserved 1114112K
  class space    used 6172K, committed 6656K, reserved 1048576K
}
Event: 3.181 GC heap before
{Heap before GC invocations=11 (full 0):
 garbage-first heap   total 86016K, used 73317K [0x0000000080000000, 0x0000000100000000)
  region size 1024K, 43 young (44032K), 4 survivors (4096K)
 Metaspace       used 51623K, committed 52928K, reserved 1114112K
  class space    used 6989K, committed 7616K, reserved 1048576K
}

